生成启动时间为 2020/6/6 20:58:15。
     1>项目“C:\Users\15103\Desktop\123456\2018302080104\2018302080104.vcxproj”在节点 2 上(build 个目标)。
     1>InitializeBuildStatus:
         正在创建“Debug\2018302080104.unsuccessfulbuild”，因为已指定“AlwaysCreate”。
       ClCompile:
         所有输出均为最新。
         所有输出均为最新。
       ResourceCompile:
         所有输出均为最新。
       ManifestResourceCompile:
         所有输出均为最新。
       Link:
         所有输出均为最新。
       Manifest:
         c:\Program Files (x86)\Microsoft SDKs\Windows\v7.0A\bin\mt.exe /nologo /verbose /out:"Debug\2018302080104.exe.embed.manifest" /manifest Debug\2018302080104.exe.intermediate.manifest "D:\Program Files (x86)\Microsoft Visual Studio 10.0\VC\Include\Manifest\dpiaware.manifest"
         所有输出均为最新。
       FinalizeBuildStatus:
         正在删除文件“Debug\2018302080104.unsuccessfulbuild”。
         正在对“Debug\2018302080104.lastbuildstate”执行 Touch 任务。
     1>已完成生成项目“C:\Users\15103\Desktop\123456\2018302080104\2018302080104.vcxproj”(build 个目标)的操作。

生成成功。

已用时间 00:00:00.11
